------------------------------------------------------------
12345678.123         size-1             
2short4me            size2              
mid_size_name        size3              
much_longer_name     tiny               
shorter              very_long_file_name
------------------------------------------------------------
Alfalfa        Cotton         Joe            Porky        
Buckwheat      Darla          Mrs_Crabapple  Stimey       
Butch          Froggy         P.D.           Weaser       
------------------------------------------------------------
Alice       Chris       Jan         Marsha      Ruben     
Bobby       Cindy       Jody        Mike        Shirley   
Buffy       Danny       Keith       Mr._French  Sissy     
Carol       Greg        Lori        Peter       
------------------------------------------------------------
123456789112345678921234567893123456789412345678951234567896
123456789112345678921234567893123456789412345678951234567896
abcdefghijklmnopqrstuvwxyzabcdefghijklmnopqrstuvwxyzabcdefgh
abcdefghijklmnopqrstuvwxyzabcdefghijklmnopqrstuvwxyzabcdefgz
------------------------------------------------------------
12345678.123         size-1             
2short4me            tiny               
mid_size_name        very_long_file_name
much_longer_name     z                  
shorter              
------------------------------------------------------------
a  b  d  e  g  h  j  k  m  n  p  q  s  t  v  w  y  z  
a  c  d  f  g  i  j  l  m  o  p  r  s  u  v  x  y  
b  c  e  f  h  i  k  l  n  o  q  r  t  u  w  x  z  
------------------------------------------------------------
12345678.123         size2              
2short4me            size3              
mid_size_name        tiny               
much_longer_name     very_long_file_name
shorter              zz                 
size-1               
------------------------------------------------------------
australia.exe  homer.simpson  koala.jpg      
foo.bar        kangaroo.txt   
------------------------------------------------------------
acm.uva.es            www_algorithmist_com
------------------------------------------------------------
bernardo_acm_unix_ls_accepted  no_more_p_e                  
finally                        
